<?xml version="1.0" encoding="UTF-8"?>
<!-- Generated by org.testng.reporters.JUnitReportReporter -->
<testsuite hostname="DESKTOP-OD52FIN" failures="0" tests="3" name="Day_25_Parameterization.DataProviderExample2" time="0.014" errors="0" timestamp="31 May 2019 03:03:00 GMT" skipped="0">
  <testcase classname="Day_25_Parameterization.DataProviderExample2" name="test" time="0.011"/>
  <testcase classname="Day_25_Parameterization.DataProviderExample2" name="test" time="0.002"/>
  <testcase classname="Day_25_Parameterization.DataProviderExample2" name="test" time="0.001"/>
</testsuite> <!-- Day_25_Parameterization.DataProviderExample2 -->
