<?xml version="1.0" encoding="UTF-8"?>
<!-- Generated by org.testng.reporters.JUnitReportReporter -->
<testsuite hostname="DESKTOP-OD52FIN" failures="0" tests="1" name="Log4jLogging.LoggingDemo" time="1.032" errors="0" timestamp="04 Jun 2019 18:14:17 GMT" skipped="0">
  <testcase classname="Log4jLogging.LoggingDemo" name="login" time="1.032"/>
</testsuite> <!-- Log4jLogging.LoggingDemo -->
