<?xml version="1.0" encoding="UTF-8"?>
<!-- Generated by org.testng.reporters.JUnitReportReporter -->
<testsuite hostname="DESKTOP-OD52FIN" failures="0" tests="1" name="pageObjectModel.LoginTest" time="4.768" errors="0" timestamp="03 Jun 2019 03:33:27 GMT" skipped="0">
  <testcase classname="pageObjectModel.LoginTest" name="login" time="4.768"/>
</testsuite> <!-- pageObjectModel.LoginTest -->
