<?xml version="1.0" encoding="UTF-8"?>
<!-- Generated by org.testng.reporters.JUnitReportReporter -->
<testsuite hostname="DESKTOP-OD52FIN" failures="0" tests="1" name="Day_26_testnglisteners.captureScreenshot" time="5.950" errors="0" timestamp="02 Jun 2019 19:48:38 GMT" skipped="0">
  <testcase classname="Day_26_testnglisteners.captureScreenshot" name="capturescreeen" time="5.950"/>
</testsuite> <!-- Day_26_testnglisteners.captureScreenshot -->
