<?xml version="1.0" encoding="UTF-8"?>
<!-- Generated by org.testng.reporters.JUnitReportReporter -->
<testsuite hostname="DESKTOP-OD52FIN" failures="0" tests="4" name="Day_25_Parameterization.ParametersExample" time="0.179" errors="0" timestamp="31 May 2019 15:38:11 GMT" skipped="0">
  <testcase classname="Day_25_Parameterization.ParametersExample" name="logoTest" time="0.072"/>
  <testcase classname="Day_25_Parameterization.ParametersExample" name="logoTest" time="0.093"/>
  <testcase classname="Day_25_Parameterization.ParametersExample" name="homePageTitleTest" time="0.008"/>
  <testcase classname="Day_25_Parameterization.ParametersExample" name="homePageTitleTest" time="0.006"/>
</testsuite> <!-- Day_25_Parameterization.ParametersExample -->
