<?xml version="1.0" encoding="UTF-8"?>
<!-- Generated by org.testng.reporters.JUnitReportReporter -->
<testsuite hostname="DESKTOP-OD52FIN" failures="0" tests="2" name="Day_24_AnnotationDemo.TC1" time="0.010" errors="0" timestamp="30 May 2019 20:47:21 GMT" skipped="0">
  <testcase classname="Day_24_AnnotationDemo.TC1" name="test1" time="0.007"/>
  <testcase classname="Day_24_AnnotationDemo.TC1" name="test2" time="0.003"/>
</testsuite> <!-- Day_24_AnnotationDemo.TC1 -->
