<?xml version="1.0" encoding="UTF-8"?>
<!-- Generated by org.testng.reporters.JUnitReportReporter -->
<testsuite hostname="DESKTOP-OD52FIN" failures="0" tests="3" name="Day_25_Grouping.GroupTestDemo" time="0.017" errors="0" timestamp="31 May 2019 02:40:55 GMT" skipped="1">
  <testcase classname="Day_25_Grouping.GroupTestDemo" name="payementindollar" time="0.015"/>
  <testcase classname="Day_25_Grouping.GroupTestDemo" name="paymentReturnbybank" time="0.002"/>
  <testcase classname="Day_25_Grouping.GroupTestDemo" name="payementinrupees">
    <skipped/>
  </testcase> <!-- payementinrupees -->
</testsuite> <!-- Day_25_Grouping.GroupTestDemo -->
