<?xml version="1.0" encoding="UTF-8"?>
<!-- Generated by org.testng.reporters.JUnitReportReporter -->
<testsuite hostname="DESKTOP-OD52FIN" failures="0" tests="3" name="Day_23_TestNG.FirstTest" time="0.015" errors="0" timestamp="30 May 2019 20:42:12 GMT" skipped="0">
  <testcase classname="Day_23_TestNG.FirstTest" name="setup" time="0.012"/>
  <testcase classname="Day_23_TestNG.FirstTest" name="loginTest" time="0.001"/>
  <testcase classname="Day_23_TestNG.FirstTest" name="tearDown" time="0.002"/>
</testsuite> <!-- Day_23_TestNG.FirstTest -->
